


          SolidWorks Corporation - STEP Processor Error Log
          ______________________________________________________

                       STEP Post Processor
                       ___________________


STEP File Name: C:\Users\Fernando\ownCloud\Ulticampy\Solidworks\ExternalComponents\HotEnd\E3D.V6-1.75mm_0.3Nozzle_wPushIn_Bowden.STEP


Las superficies se procesaron satisfactoriamente
para formar el sólido.
STEP: la importación se ha completado.Las superficies se procesaron satisfactoriamente
para formar el sólido.
STEP: la importación se ha completado.Las superficies se procesaron satisfactoriamente
para formar el sólido.
STEP: la importación se ha completado.
Error: No se puede crear un sólido de superficies
recortadas.
STEP: la importación no se ha completado satisfactoriamente.
Las superficies se procesaron satisfactoriamente
para formar el sólido.
STEP: la importación se ha completado.Las superficies se procesaron satisfactoriamente
para formar el sólido.
STEP: la importación se ha completado.
Error: No se puede crear un sólido de superficies
recortadas.
STEP: la importación no se ha completado satisfactoriamente.
Las superficies se procesaron satisfactoriamente
para formar el sólido.
STEP: la importación se ha completado.Las superficies se procesaron satisfactoriamente
para formar el sólido.
STEP: la importación se ha completado.Las superficies se procesaron satisfactoriamente
para formar el sólido.
STEP: la importación se ha completado.Las superficies se procesaron satisfactoriamente
para formar el sólido.
STEP: la importación se ha completado.
Error: No se puede crear un sólido de superficies
recortadas.
STEP: la importación no se ha completado satisfactoriamente.
